android1/app/build/intermediates/manifest_merge_blame_file/debug/manifest-merger-blame-debug-report.txt
1<?xml version="1.0" encoding="utf-8"?>
2<!--
3 Copyright (C) 2008 ZXing authors
4
5 Licensed under the Apache License, Version 2.0 (the "License");
6 you may not use this file except in compliance with the License.
7 You may obtain a copy of the License at
8
9      http://www.apache.org/licenses/LICENSE-2.0
10
11 Unless required by applicable law or agreed to in writing, software
12 distributed under the License is distributed on an "AS IS" BASIS,
13 WITHOUT WARRANTIES OR CONDITIONS OF ANY KIND, either express or implied.
14 See the License for the specific language governing permissions and
15 limitations under the License.
16-->
17<manifest xmlns:android="http://schemas.android.com/apk/res/android"
18    package="com.google.zxing.client.android"
19    android:installLocation="auto"
20    android:versionCode="108"
21    android:versionName="4.7.8" >
22
23    <uses-sdk
24        android:minSdkVersion="27"
24-->src/main/AndroidManifest.xml
25        android:targetSdkVersion="27" />
25-->src/main/AndroidManifest.xml
26
27    <uses-permission android:name="android.permission.CAMERA" />
27-->src/main/AndroidManifest.xml:22:5-65
27-->src/main/AndroidManifest.xml:22:22-62
28    <uses-permission android:name="android.permission.INTERNET" />
28-->src/main/AndroidManifest.xml:23:5-67
28-->src/main/AndroidManifest.xml:23:22-64
29    <uses-permission android:name="android.permission.VIBRATE" />
29-->src/main/AndroidManifest.xml:24:5-66
29-->src/main/AndroidManifest.xml:24:22-63
30    <uses-permission android:name="android.permission.FLASHLIGHT" />
30-->src/main/AndroidManifest.xml:25:5-69
30-->src/main/AndroidManifest.xml:25:22-66
31    <uses-permission android:name="android.permission.READ_CONTACTS" />
31-->src/main/AndroidManifest.xml:26:5-72
31-->src/main/AndroidManifest.xml:26:22-69
32    <!-- unavailable in API 23 -->
33    <uses-permission android:name="com.android.browser.permission.READ_HISTORY_BOOKMARKS" />
33-->src/main/AndroidManifest.xml:28:5-93
33-->src/main/AndroidManifest.xml:28:22-90
34    <uses-permission android:name="android.permission.WRITE_EXTERNAL_STORAGE" />
34-->src/main/AndroidManifest.xml:29:5-81
34-->src/main/AndroidManifest.xml:29:22-78
35    <uses-permission android:name="android.permission.CHANGE_WIFI_STATE" />
35-->src/main/AndroidManifest.xml:30:5-76
35-->src/main/AndroidManifest.xml:30:22-73
36    <uses-permission android:name="android.permission.ACCESS_WIFI_STATE" />
36-->src/main/AndroidManifest.xml:31:5-76
36-->src/main/AndroidManifest.xml:31:22-73
37
38    <uses-feature android:name="android.hardware.camera.any" />
38-->src/main/AndroidManifest.xml:33:5-64
38-->src/main/AndroidManifest.xml:33:19-61
39    <uses-feature
39-->src/main/AndroidManifest.xml:34:5-36:36
40        android:name="android.hardware.camera.autofocus"
40-->src/main/AndroidManifest.xml:35:9-57
41        android:required="false" />
41-->src/main/AndroidManifest.xml:36:9-33
42    <uses-feature
42-->src/main/AndroidManifest.xml:37:5-39:36
43        android:name="android.hardware.camera.flash"
43-->src/main/AndroidManifest.xml:38:9-53
44        android:required="false" />
44-->src/main/AndroidManifest.xml:39:9-33
45    <uses-feature android:name="android.hardware.screen.landscape" />
45-->src/main/AndroidManifest.xml:40:5-70
45-->src/main/AndroidManifest.xml:40:19-67
46    <uses-feature
46-->src/main/AndroidManifest.xml:41:5-43:36
47        android:name="android.hardware.wifi"
47-->src/main/AndroidManifest.xml:42:9-45
48        android:required="false" />
48-->src/main/AndroidManifest.xml:43:9-33
49
50    <application
50-->src/main/AndroidManifest.xml:45:5-145:19
51        android:allowBackup="true"
51-->src/main/AndroidManifest.xml:46:9-35
52        android:debuggable="true"
53        android:icon="@drawable/launcher_icon"
53-->src/main/AndroidManifest.xml:47:9-47
54        android:label="@string/app_name"
54-->src/main/AndroidManifest.xml:48:9-41
55        android:logo="@drawable/launcher_icon"
55-->src/main/AndroidManifest.xml:49:9-47
56        android:testOnly="true" >
57        <activity
57-->src/main/AndroidManifest.xml:50:9-113:20
58            android:name="com.google.zxing.client.android.CaptureActivity"
58-->src/main/AndroidManifest.xml:51:13-44
59            android:clearTaskOnLaunch="true"
59-->src/main/AndroidManifest.xml:52:13-45
60            android:screenOrientation="sensorLandscape"
60-->src/main/AndroidManifest.xml:53:13-56
61            android:stateNotNeeded="true"
61-->src/main/AndroidManifest.xml:54:13-42
62            android:theme="@style/CaptureTheme"
62-->src/main/AndroidManifest.xml:55:13-48
63            android:windowSoftInputMode="stateAlwaysHidden" >
63-->src/main/AndroidManifest.xml:56:13-60
64            <intent-filter>
64-->src/main/AndroidManifest.xml:57:13-60:29
65                <action android:name="android.intent.action.MAIN" />
65-->src/main/AndroidManifest.xml:58:17-69
65-->src/main/AndroidManifest.xml:58:25-66
66
67                <category android:name="android.intent.category.LAUNCHER" />
67-->src/main/AndroidManifest.xml:59:17-77
67-->src/main/AndroidManifest.xml:59:27-74
68            </intent-filter>
69            <intent-filter>
69-->src/main/AndroidManifest.xml:61:13-64:29
70                <action android:name="com.google.zxing.client.android.SCAN" />
70-->src/main/AndroidManifest.xml:62:17-79
70-->src/main/AndroidManifest.xml:62:25-76
71
72                <category android:name="android.intent.category.DEFAULT" />
72-->src/main/AndroidManifest.xml:63:17-76
72-->src/main/AndroidManifest.xml:63:27-73
73            </intent-filter>
74            <!-- Allow web apps to launch Barcode Scanner by linking to http://zxing.appspot.com/scan. -->
75            <intent-filter>
75-->src/main/AndroidManifest.xml:66:13-76:29
76                <action android:name="android.intent.action.VIEW" />
76-->src/main/AndroidManifest.xml:67:17-69
76-->src/main/AndroidManifest.xml:67:25-66
77
78                <category android:name="android.intent.category.DEFAULT" />
78-->src/main/AndroidManifest.xml:63:17-76
78-->src/main/AndroidManifest.xml:63:27-73
79                <category android:name="android.intent.category.BROWSABLE" />
79-->src/main/AndroidManifest.xml:70:17-78
79-->src/main/AndroidManifest.xml:70:27-75
80
81                <data
81-->src/main/AndroidManifest.xml:72:17-75:45
82                    android:host="zxing.appspot.com"
82-->src/main/AndroidManifest.xml:73:21-53
83                    android:path="/scan"
83-->src/main/AndroidManifest.xml:74:21-41
84                    android:scheme="http" />
84-->src/main/AndroidManifest.xml:75:21-42
85            </intent-filter>
86            <!-- We also support a Google Product Search URL. -->
87            <intent-filter>
87-->src/main/AndroidManifest.xml:78:13-88:29
88                <action android:name="android.intent.action.VIEW" />
88-->src/main/AndroidManifest.xml:67:17-69
88-->src/main/AndroidManifest.xml:67:25-66
89
90                <category android:name="android.intent.category.DEFAULT" />
90-->src/main/AndroidManifest.xml:63:17-76
90-->src/main/AndroidManifest.xml:63:27-73
91                <category android:name="android.intent.category.BROWSABLE" />
91-->src/main/AndroidManifest.xml:70:17-78
91-->src/main/AndroidManifest.xml:70:27-75
92
93                <data
93-->src/main/AndroidManifest.xml:72:17-75:45
94                    android:host="www.google.com"
94-->src/main/AndroidManifest.xml:73:21-53
95                    android:path="/m/products/scan"
95-->src/main/AndroidManifest.xml:74:21-41
96                    android:scheme="http" />
96-->src/main/AndroidManifest.xml:75:21-42
97            </intent-filter>
98            <!-- And the UK version. -->
99            <intent-filter>
99-->src/main/AndroidManifest.xml:90:13-100:29
100                <action android:name="android.intent.action.VIEW" />
100-->src/main/AndroidManifest.xml:67:17-69
100-->src/main/AndroidManifest.xml:67:25-66
101
102                <category android:name="android.intent.category.DEFAULT" />
102-->src/main/AndroidManifest.xml:63:17-76
102-->src/main/AndroidManifest.xml:63:27-73
103                <category android:name="android.intent.category.BROWSABLE" />
103-->src/main/AndroidManifest.xml:70:17-78
103-->src/main/AndroidManifest.xml:70:27-75
104
105                <data
105-->src/main/AndroidManifest.xml:72:17-75:45
106                    android:host="www.google.co.uk"
106-->src/main/AndroidManifest.xml:73:21-53
107                    android:path="/m/products/scan"
107-->src/main/AndroidManifest.xml:74:21-41
108                    android:scheme="http" />
108-->src/main/AndroidManifest.xml:75:21-42
109            </intent-filter>
110            <!-- Support zxing://scan/?... like iPhone app -->
111            <intent-filter>
111-->src/main/AndroidManifest.xml:102:13-112:29
112                <action android:name="android.intent.action.VIEW" />
112-->src/main/AndroidManifest.xml:67:17-69
112-->src/main/AndroidManifest.xml:67:25-66
113
114                <category android:name="android.intent.category.DEFAULT" />
114-->src/main/AndroidManifest.xml:63:17-76
114-->src/main/AndroidManifest.xml:63:27-73
115                <category android:name="android.intent.category.BROWSABLE" />
115-->src/main/AndroidManifest.xml:70:17-78
115-->src/main/AndroidManifest.xml:70:27-75
116
117                <data
117-->src/main/AndroidManifest.xml:72:17-75:45
118                    android:host="scan"
118-->src/main/AndroidManifest.xml:73:21-53
119                    android:path="/"
119-->src/main/AndroidManifest.xml:74:21-41
120                    android:scheme="zxing" />
120-->src/main/AndroidManifest.xml:75:21-42
121            </intent-filter>
122        </activity>
123        <activity
123-->src/main/AndroidManifest.xml:114:9-117:45
124            android:name="com.google.zxing.client.android.PreferencesActivity"
124-->src/main/AndroidManifest.xml:115:13-48
125            android:label="@string/preferences_name"
125-->src/main/AndroidManifest.xml:116:13-53
126            android:stateNotNeeded="true" />
126-->src/main/AndroidManifest.xml:117:13-42
127        <activity
127-->src/main/AndroidManifest.xml:118:9-127:20
128            android:name="com.google.zxing.client.android.book.SearchBookContentsActivity"
128-->src/main/AndroidManifest.xml:119:13-60
129            android:label="@string/sbc_name"
129-->src/main/AndroidManifest.xml:120:13-45
130            android:screenOrientation="sensorLandscape"
130-->src/main/AndroidManifest.xml:121:13-56
131            android:stateNotNeeded="true" >
131-->src/main/AndroidManifest.xml:122:13-42
132            <intent-filter>
132-->src/main/AndroidManifest.xml:123:13-126:29
133                <action android:name="com.google.zxing.client.android.SEARCH_BOOK_CONTENTS" />
133-->src/main/AndroidManifest.xml:124:17-95
133-->src/main/AndroidManifest.xml:124:25-92
134
135                <category android:name="android.intent.category.DEFAULT" />
135-->src/main/AndroidManifest.xml:63:17-76
135-->src/main/AndroidManifest.xml:63:27-73
136            </intent-filter>
137        </activity>
138        <activity
138-->src/main/AndroidManifest.xml:128:9-136:20
139            android:name="com.google.zxing.client.android.share.ShareActivity"
139-->src/main/AndroidManifest.xml:129:13-48
140            android:screenOrientation="user"
140-->src/main/AndroidManifest.xml:130:13-45
141            android:stateNotNeeded="true" >
141-->src/main/AndroidManifest.xml:131:13-42
142            <intent-filter>
142-->src/main/AndroidManifest.xml:132:13-135:29
143                <action android:name="com.google.zxing.client.android.SHARE" />
143-->src/main/AndroidManifest.xml:133:17-80
143-->src/main/AndroidManifest.xml:133:25-77
144
145                <category android:name="android.intent.category.DEFAULT" />
145-->src/main/AndroidManifest.xml:63:17-76
145-->src/main/AndroidManifest.xml:63:27-73
146            </intent-filter>
147        </activity>
148        <activity
148-->src/main/AndroidManifest.xml:137:9-140:45
149            android:name="com.google.zxing.client.android.share.BookmarkPickerActivity"
149-->src/main/AndroidManifest.xml:138:13-57
150            android:label="@string/bookmark_picker_name"
150-->src/main/AndroidManifest.xml:139:13-57
151            android:stateNotNeeded="true" />
151-->src/main/AndroidManifest.xml:140:13-42
152        <activity
152-->src/main/AndroidManifest.xml:141:9-144:45
153            android:name="com.google.zxing.client.android.share.AppPickerActivity"
153-->src/main/AndroidManifest.xml:142:13-52
154            android:label="@string/app_picker_name"
154-->src/main/AndroidManifest.xml:143:13-52
155            android:stateNotNeeded="true" />
155-->src/main/AndroidManifest.xml:144:13-42
156    </application>
157
158</manifest>